<?xml version="1.0" encoding="UTF-8"?>
<!-- Generated by org.testng.reporters.JUnitReportReporter -->
<testsuite hostname="NatsenetDell" failures="0" tests="1" name="testCases.TC_005_AddToCartPage" time="7.909" errors="0" timestamp="2023-12-25T12:27:52 IST" skipped="0">
  <testcase classname="testCases.TC_005_AddToCartPage" name="test_search" time="7.909"/>
  <system-out/>
</testsuite> <!-- testCases.TC_005_AddToCartPage -->
