<?xml version="1.0" encoding="UTF-8"?>
<!-- Generated by org.testng.reporters.JUnitReportReporter -->
<testsuite hostname="NatsenetDell" failures="0" tests="1" name="testCases.TC_001_AccountRegistreationTest" time="6.887" errors="0" timestamp="2023-12-21T14:21:50 IST" skipped="0">
  <testcase classname="testCases.TC_001_AccountRegistreationTest" name="test_account_registration" time="6.887"/>
  <system-out/>
</testsuite> <!-- testCases.TC_001_AccountRegistreationTest -->
