<?xml version="1.0" encoding="UTF-8"?>
<!-- Generated by org.testng.reporters.JUnitReportReporter -->
<testsuite hostname="NatsenetDell" failures="0" tests="1" name="testCases.TC_002_LoginTest" time="4.816" errors="0" timestamp="2023-12-21T14:21:50 IST" skipped="0">
  <testcase classname="testCases.TC_002_LoginTest" name="test_login" time="4.816"/>
  <system-out/>
</testsuite> <!-- testCases.TC_002_LoginTest -->
