<?xml version="1.0" encoding="UTF-8"?>
<!-- Generated by org.testng.reporters.JUnitReportReporter -->
<testsuite hostname="NatsenetDell" failures="0" tests="1" name="testCases.TC_005_AddToCartPage" time="8.034" errors="0" timestamp="2023-12-26T16:11:03 IST" skipped="0">
  <testcase classname="testCases.TC_005_AddToCartPage" name="test_search" time="8.034"/>
  <system-out/>
</testsuite> <!-- testCases.TC_005_AddToCartPage -->
