<?xml version="1.0" encoding="UTF-8"?>
<!-- Generated by org.testng.reporters.JUnitReportReporter -->
<testsuite hostname="NatsenetDell" failures="0" tests="1" name="testCases.TC_006_TC_006_EndToEndTest" time="48.687" errors="0" timestamp="2023-12-26T18:03:17 IST" skipped="0">
  <testcase classname="testCases.TC_006_TC_006_EndToEndTest" name="endToendTest" time="48.687"/>
  <system-out/>
</testsuite> <!-- testCases.TC_006_TC_006_EndToEndTest -->
