<?xml version="1.0" encoding="UTF-8"?>
<!-- Generated by org.testng.reporters.JUnitReportReporter -->
<testsuite hostname="NatsenetDell" failures="0" tests="1" name="testCases.TC_002_LoginTest" time="9.128" errors="0" timestamp="2023-12-24T18:15:28 IST" skipped="0">
  <testcase classname="testCases.TC_002_LoginTest" name="test_login" time="9.128"/>
  <system-out/>
</testsuite> <!-- testCases.TC_002_LoginTest -->
