<?xml version="1.0" encoding="UTF-8"?>
<!-- Generated by org.testng.reporters.JUnitReportReporter -->
<testsuite hostname="NatsenetDell" failures="0" tests="1" name="testCases.TC_004_SearchProduct" time="3.707" errors="0" timestamp="2023-12-25T11:54:51 IST" skipped="0">
  <testcase classname="testCases.TC_004_SearchProduct" name="test_search" time="3.707"/>
  <system-out/>
</testsuite> <!-- testCases.TC_004_SearchProduct -->
